{"timestamp": "2026-01-02T05:02:03.751117", "level": "INFO", "logger": "ETLOrchestrator", "message": "🚀 Orquestador ETL inicializado", "module": "main", "function": "__init__", "line": 90}
{"timestamp": "2026-01-02T05:02:03.755570", "level": "INFO", "logger": "ETLOrchestrator", "message": "================================================================================", "module": "main", "function": "run_full_etl", "line": 99}
{"timestamp": "2026-01-02T05:02:03.756310", "level": "INFO", "logger": "ETLOrchestrator", "message": "🏪 PUNTAFINA ETL BATCH - PROCESO COMPLETO", "module": "main", "function": "run_full_etl", "line": 100}
{"timestamp": "2026-01-02T05:02:03.756871", "level": "INFO", "logger": "ETLOrchestrator", "message": "================================================================================", "module": "main", "function": "run_full_etl", "line": 101}
{"timestamp": "2026-01-02T05:02:03.757280", "level": "INFO", "logger": "ETLOrchestrator", "message": "\n📥 FASE 1: EXTRACCIÓN", "module": "main", "function": "run_full_etl", "line": 107}
{"timestamp": "2026-01-02T05:02:03.762447", "level": "INFO", "logger": "ETLOrchestrator", "message": "   📊 Extrayendo de OroCommerce...", "module": "main", "function": "_run_extraction", "line": 156}
{"timestamp": "2026-01-02T05:02:03.875455", "level": "ERROR", "logger": "ETLOrchestrator", "message": "❌ Error en proceso ETL: connection to server at \"localhost\" (::1), port 5432 failed: FATAL:  database \"orocommerce\" does not exist\n", "module": "main", "function": "run_full_etl", "line": 147, "exception": "Traceback (most recent call last):\n  File \"/root/PuntaFina_DW_Oro/etl_batch/main.py\", line 108, in run_full_etl\n    extraction_results = self._run_extraction()\n  File \"/root/PuntaFina_DW_Oro/etl_batch/main.py\", line 157, in _run_extraction\n    oro_data = self.db_extractor.extract_orocommerce()\n  File \"/root/PuntaFina_DW_Oro/etl_batch/extractors/database_extractor.py\", line 31, in extract_orocommerce\n    conn = self._get_oro_connection()\n  File \"/root/PuntaFina_DW_Oro/etl_batch/extractors/database_extractor.py\", line 114, in _get_oro_connection\n    return psycopg2.connect(\n  File \"/root/PuntaFina_DW_Oro/venv/lib/python3.10/site-packages/psycopg2/__init__.py\", line 122, in connect\n    conn = _connect(dsn, connection_factory=connection_factory, **kwasync)\npsycopg2.OperationalError: connection to server at \"localhost\" (::1), port 5432 failed: FATAL:  database \"orocommerce\" does not exist\n"}
{"timestamp": "2026-01-02T05:05:13.961600", "level": "INFO", "logger": "ETLOrchestrator", "message": "🚀 Orquestador ETL inicializado", "module": "main", "function": "__init__", "line": 90}
{"timestamp": "2026-01-02T05:05:13.963046", "level": "INFO", "logger": "ETLOrchestrator", "message": "================================================================================", "module": "main", "function": "run_full_etl", "line": 99}
{"timestamp": "2026-01-02T05:05:13.963434", "level": "INFO", "logger": "ETLOrchestrator", "message": "🏪 PUNTAFINA ETL BATCH - PROCESO COMPLETO", "module": "main", "function": "run_full_etl", "line": 100}
{"timestamp": "2026-01-02T05:05:13.963941", "level": "INFO", "logger": "ETLOrchestrator", "message": "================================================================================", "module": "main", "function": "run_full_etl", "line": 101}
{"timestamp": "2026-01-02T05:05:13.964304", "level": "INFO", "logger": "ETLOrchestrator", "message": "\n📥 FASE 1: EXTRACCIÓN", "module": "main", "function": "run_full_etl", "line": 107}
{"timestamp": "2026-01-02T05:05:13.964687", "level": "INFO", "logger": "ETLOrchestrator", "message": "   📊 Extrayendo de OroCommerce...", "module": "main", "function": "_run_extraction", "line": 156}
{"timestamp": "2026-01-02T05:06:10.842818", "level": "INFO", "logger": "ETLOrchestrator", "message": "🚀 Orquestador ETL inicializado", "module": "main", "function": "__init__", "line": 90}
{"timestamp": "2026-01-02T05:06:10.843546", "level": "INFO", "logger": "ETLOrchestrator", "message": "================================================================================", "module": "main", "function": "run_full_etl", "line": 99}
{"timestamp": "2026-01-02T05:06:10.844083", "level": "INFO", "logger": "ETLOrchestrator", "message": "🏪 PUNTAFINA ETL BATCH - PROCESO COMPLETO", "module": "main", "function": "run_full_etl", "line": 100}
{"timestamp": "2026-01-02T05:06:10.844483", "level": "INFO", "logger": "ETLOrchestrator", "message": "================================================================================", "module": "main", "function": "run_full_etl", "line": 101}
{"timestamp": "2026-01-02T05:06:10.844741", "level": "INFO", "logger": "ETLOrchestrator", "message": "\n📥 FASE 1: EXTRACCIÓN", "module": "main", "function": "run_full_etl", "line": 107}
{"timestamp": "2026-01-02T05:06:10.844961", "level": "INFO", "logger": "ETLOrchestrator", "message": "   📊 Extrayendo de OroCommerce...", "module": "main", "function": "_run_extraction", "line": 156}
{"timestamp": "2026-01-02T05:07:02.322220", "level": "INFO", "logger": "ETLOrchestrator", "message": "      ✓ 2,278,255 registros", "module": "main", "function": "_run_extraction", "line": 162}
{"timestamp": "2026-01-02T05:07:02.366720", "level": "INFO", "logger": "ETLOrchestrator", "message": "   📊 Extrayendo de OroCRM...", "module": "main", "function": "_run_extraction", "line": 168}
{"timestamp": "2026-01-02T05:07:02.571098", "level": "INFO", "logger": "ETLOrchestrator", "message": "      ✓ 0 registros", "module": "main", "function": "_run_extraction", "line": 174}
{"timestamp": "2026-01-02T05:07:02.574505", "level": "INFO", "logger": "ETLOrchestrator", "message": "   📁 Extrayendo de archivos CSV...", "module": "main", "function": "_run_extraction", "line": 180}
{"timestamp": "2026-01-02T05:07:02.603665", "level": "INFO", "logger": "ETLOrchestrator", "message": "      ✓ 0 registros", "module": "main", "function": "_run_extraction", "line": 186}
{"timestamp": "2026-01-02T05:07:02.604576", "level": "INFO", "logger": "ETLOrchestrator", "message": "\n   ✅ Extracción completada: 2,278,255 registros totales", "module": "main", "function": "_run_extraction", "line": 195}
{"timestamp": "2026-01-02T05:07:02.606799", "level": "INFO", "logger": "ETLOrchestrator", "message": "\n🔄 FASE 2: TRANSFORMACIÓN - DIMENSIONES", "module": "main", "function": "run_full_etl", "line": 111}
{"timestamp": "2026-01-02T05:07:02.607467", "level": "INFO", "logger": "ETLOrchestrator", "message": "   🔨 Construyendo dim_fecha...", "module": "main", "function": "_run_dimension_building", "line": 210}
{"timestamp": "2026-01-02T05:07:21.279523", "level": "INFO", "logger": "ETLOrchestrator", "message": "      ✓ 2,557 registros", "module": "main", "function": "_run_dimension_building", "line": 230}
{"timestamp": "2026-01-02T05:07:21.286005", "level": "INFO", "logger": "ETLOrchestrator", "message": "   🔨 Construyendo dim_detalle_venta...", "module": "main", "function": "_run_dimension_building", "line": 210}
{"timestamp": "2026-01-02T05:07:21.294198", "level": "INFO", "logger": "ETLOrchestrator", "message": "      ✓ 1 registros", "module": "main", "function": "_run_dimension_building", "line": 230}
{"timestamp": "2026-01-02T05:07:21.295497", "level": "INFO", "logger": "ETLOrchestrator", "message": "   🔨 Construyendo dim_usuario...", "module": "main", "function": "_run_dimension_building", "line": 210}
{"timestamp": "2026-01-02T05:07:21.304056", "level": "INFO", "logger": "ETLOrchestrator", "message": "      ✓ 2 registros", "module": "main", "function": "_run_dimension_building", "line": 230}
{"timestamp": "2026-01-02T05:07:21.304333", "level": "INFO", "logger": "ETLOrchestrator", "message": "\n   📦 Módulo: ventas", "module": "main", "function": "_run_dimension_building", "line": 241}
{"timestamp": "2026-01-02T05:07:21.308963", "level": "INFO", "logger": "ETLOrchestrator", "message": "      🔨 Construyendo dim_cliente...", "module": "main", "function": "_run_dimension_building", "line": 245}
{"timestamp": "2026-01-02T05:07:21.309723", "level": "ERROR", "logger": "ETLOrchestrator", "message": "         ✗ Error: Dimensión dim_cliente no implementada", "module": "main", "function": "_run_dimension_building", "line": 271}
{"timestamp": "2026-01-02T05:07:21.310129", "level": "INFO", "logger": "ETLOrchestrator", "message": "      🔨 Construyendo dim_producto...", "module": "main", "function": "_run_dimension_building", "line": 245}
{"timestamp": "2026-01-02T05:07:21.310250", "level": "ERROR", "logger": "ETLOrchestrator", "message": "         ✗ Error: Dimensión dim_producto no implementada", "module": "main", "function": "_run_dimension_building", "line": 271}
{"timestamp": "2026-01-02T05:07:21.310333", "level": "INFO", "logger": "ETLOrchestrator", "message": "      🔨 Construyendo dim_orden...", "module": "main", "function": "_run_dimension_building", "line": 245}
{"timestamp": "2026-01-02T05:07:21.310411", "level": "ERROR", "logger": "ETLOrchestrator", "message": "         ✗ Error: Dimensión dim_orden no implementada", "module": "main", "function": "_run_dimension_building", "line": 271}
{"timestamp": "2026-01-02T05:07:21.310495", "level": "INFO", "logger": "ETLOrchestrator", "message": "      🔨 Construyendo dim_sitio_web...", "module": "main", "function": "_run_dimension_building", "line": 245}
{"timestamp": "2026-01-02T05:07:21.310565", "level": "ERROR", "logger": "ETLOrchestrator", "message": "         ✗ Error: Dimensión dim_sitio_web no implementada", "module": "main", "function": "_run_dimension_building", "line": 271}
{"timestamp": "2026-01-02T05:07:21.311107", "level": "INFO", "logger": "ETLOrchestrator", "message": "      🔨 Construyendo dim_canal...", "module": "main", "function": "_run_dimension_building", "line": 245}
{"timestamp": "2026-01-02T05:07:21.311213", "level": "ERROR", "logger": "ETLOrchestrator", "message": "         ✗ Error: Dimensión dim_canal no implementada", "module": "main", "function": "_run_dimension_building", "line": 271}
{"timestamp": "2026-01-02T05:07:21.311299", "level": "INFO", "logger": "ETLOrchestrator", "message": "      🔨 Construyendo dim_direccion...", "module": "main", "function": "_run_dimension_building", "line": 245}
{"timestamp": "2026-01-02T05:07:21.311373", "level": "ERROR", "logger": "ETLOrchestrator", "message": "         ✗ Error: Dimensión dim_direccion no implementada", "module": "main", "function": "_run_dimension_building", "line": 271}
{"timestamp": "2026-01-02T05:07:21.311440", "level": "INFO", "logger": "ETLOrchestrator", "message": "      🔨 Construyendo dim_envio...", "module": "main", "function": "_run_dimension_building", "line": 245}
{"timestamp": "2026-01-02T05:07:21.311509", "level": "ERROR", "logger": "ETLOrchestrator", "message": "         ✗ Error: Dimensión dim_envio no implementada", "module": "main", "function": "_run_dimension_building", "line": 271}
{"timestamp": "2026-01-02T05:07:21.311574", "level": "INFO", "logger": "ETLOrchestrator", "message": "      🔨 Construyendo dim_pago...", "module": "main", "function": "_run_dimension_building", "line": 245}
{"timestamp": "2026-01-02T05:07:21.311643", "level": "ERROR", "logger": "ETLOrchestrator", "message": "         ✗ Error: Dimensión dim_pago no implementada", "module": "main", "function": "_run_dimension_building", "line": 271}
{"timestamp": "2026-01-02T05:07:21.311770", "level": "INFO", "logger": "ETLOrchestrator", "message": "      🔨 Construyendo dim_impuestos...", "module": "main", "function": "_run_dimension_building", "line": 245}
{"timestamp": "2026-01-02T05:07:21.311840", "level": "ERROR", "logger": "ETLOrchestrator", "message": "         ✗ Error: Dimensión dim_impuestos no implementada", "module": "main", "function": "_run_dimension_building", "line": 271}
{"timestamp": "2026-01-02T05:07:21.312461", "level": "INFO", "logger": "ETLOrchestrator", "message": "      🔨 Construyendo dim_promocion...", "module": "main", "function": "_run_dimension_building", "line": 245}
{"timestamp": "2026-01-02T05:07:21.312762", "level": "ERROR", "logger": "ETLOrchestrator", "message": "         ✗ Error: Dimensión dim_promocion no implementada", "module": "main", "function": "_run_dimension_building", "line": 271}
{"timestamp": "2026-01-02T05:07:21.313025", "level": "INFO", "logger": "ETLOrchestrator", "message": "      🔨 Construyendo dim_line_item...", "module": "main", "function": "_run_dimension_building", "line": 245}
{"timestamp": "2026-01-02T05:07:21.313264", "level": "ERROR", "logger": "ETLOrchestrator", "message": "         ✗ Error: Dimensión dim_line_item no implementada", "module": "main", "function": "_run_dimension_building", "line": 271}
{"timestamp": "2026-01-02T05:07:21.313957", "level": "INFO", "logger": "ETLOrchestrator", "message": "      🔨 Construyendo dim_estado_orden...", "module": "main", "function": "_run_dimension_building", "line": 245}
{"timestamp": "2026-01-02T05:07:21.314326", "level": "ERROR", "logger": "ETLOrchestrator", "message": "         ✗ Error: Dimensión dim_estado_orden no implementada", "module": "main", "function": "_run_dimension_building", "line": 271}
{"timestamp": "2026-01-02T05:07:21.314596", "level": "INFO", "logger": "ETLOrchestrator", "message": "      🔨 Construyendo dim_estado_pago...", "module": "main", "function": "_run_dimension_building", "line": 245}
{"timestamp": "2026-01-02T05:07:21.314952", "level": "ERROR", "logger": "ETLOrchestrator", "message": "         ✗ Error: Dimensión dim_estado_pago no implementada", "module": "main", "function": "_run_dimension_building", "line": 271}
{"timestamp": "2026-01-02T05:07:21.315220", "level": "INFO", "logger": "ETLOrchestrator", "message": "\n   📦 Módulo: inventario", "module": "main", "function": "_run_dimension_building", "line": 241}
{"timestamp": "2026-01-02T05:07:21.315619", "level": "INFO", "logger": "ETLOrchestrator", "message": "      🔨 Construyendo dim_almacen...", "module": "main", "function": "_run_dimension_building", "line": 245}
{"timestamp": "2026-01-02T05:07:21.316096", "level": "ERROR", "logger": "ETLOrchestrator", "message": "         ✗ Error: Dimensión dim_almacen no implementada", "module": "main", "function": "_run_dimension_building", "line": 271}
{"timestamp": "2026-01-02T05:07:21.316380", "level": "INFO", "logger": "ETLOrchestrator", "message": "      🔨 Construyendo dim_proveedor...", "module": "main", "function": "_run_dimension_building", "line": 245}
{"timestamp": "2026-01-02T05:07:21.316844", "level": "ERROR", "logger": "ETLOrchestrator", "message": "         ✗ Error: Dimensión dim_proveedor no implementada", "module": "main", "function": "_run_dimension_building", "line": 271}
{"timestamp": "2026-01-02T05:07:21.318215", "level": "INFO", "logger": "ETLOrchestrator", "message": "      🔨 Construyendo dim_tipo_movimiento...", "module": "main", "function": "_run_dimension_building", "line": 245}
{"timestamp": "2026-01-02T05:07:21.318474", "level": "ERROR", "logger": "ETLOrchestrator", "message": "         ✗ Error: Dimensión dim_tipo_movimiento no implementada", "module": "main", "function": "_run_dimension_building", "line": 271}
{"timestamp": "2026-01-02T05:07:21.318800", "level": "INFO", "logger": "ETLOrchestrator", "message": "      🔨 Construyendo dim_categoria_producto...", "module": "main", "function": "_run_dimension_building", "line": 245}
{"timestamp": "2026-01-02T05:07:21.319043", "level": "ERROR", "logger": "ETLOrchestrator", "message": "         ✗ Error: Dimensión dim_categoria_producto no implementada", "module": "main", "function": "_run_dimension_building", "line": 271}
{"timestamp": "2026-01-02T05:07:21.319258", "level": "INFO", "logger": "ETLOrchestrator", "message": "\n   📦 Módulo: finanzas", "module": "main", "function": "_run_dimension_building", "line": 241}
{"timestamp": "2026-01-02T05:07:21.319501", "level": "INFO", "logger": "ETLOrchestrator", "message": "      🔨 Construyendo dim_cuenta_contable...", "module": "main", "function": "_run_dimension_building", "line": 245}
{"timestamp": "2026-01-02T05:07:21.319769", "level": "ERROR", "logger": "ETLOrchestrator", "message": "         ✗ Error: Dimensión dim_cuenta_contable no implementada", "module": "main", "function": "_run_dimension_building", "line": 271}
{"timestamp": "2026-01-02T05:07:21.322384", "level": "INFO", "logger": "ETLOrchestrator", "message": "      🔨 Construyendo dim_centro_costo...", "module": "main", "function": "_run_dimension_building", "line": 245}
{"timestamp": "2026-01-02T05:07:21.322743", "level": "ERROR", "logger": "ETLOrchestrator", "message": "         ✗ Error: Dimensión dim_centro_costo no implementada", "module": "main", "function": "_run_dimension_building", "line": 271}
{"timestamp": "2026-01-02T05:07:21.323069", "level": "INFO", "logger": "ETLOrchestrator", "message": "      🔨 Construyendo dim_tipo_transaccion...", "module": "main", "function": "_run_dimension_building", "line": 245}
{"timestamp": "2026-01-02T05:07:21.323434", "level": "ERROR", "logger": "ETLOrchestrator", "message": "         ✗ Error: Dimensión dim_tipo_transaccion no implementada", "module": "main", "function": "_run_dimension_building", "line": 271}
{"timestamp": "2026-01-02T05:07:21.323681", "level": "INFO", "logger": "ETLOrchestrator", "message": "      🔨 Construyendo dim_periodo_contable...", "module": "main", "function": "_run_dimension_building", "line": 245}
{"timestamp": "2026-01-02T05:07:21.323900", "level": "ERROR", "logger": "ETLOrchestrator", "message": "         ✗ Error: Dimensión dim_periodo_contable no implementada", "module": "main", "function": "_run_dimension_building", "line": 271}
{"timestamp": "2026-01-02T05:07:21.324117", "level": "INFO", "logger": "ETLOrchestrator", "message": "\n   ✅ Dimensiones completadas: 2,560 registros totales", "module": "main", "function": "_run_dimension_building", "line": 274}
{"timestamp": "2026-01-02T05:07:21.324371", "level": "INFO", "logger": "ETLOrchestrator", "message": "\n🔄 FASE 3: TRANSFORMACIÓN - TABLAS DE HECHOS", "module": "main", "function": "run_full_etl", "line": 115}
{"timestamp": "2026-01-02T05:07:21.324697", "level": "INFO", "logger": "ETLOrchestrator", "message": "   🏗️  Construyendo fact_ventas...", "module": "main", "function": "_run_fact_building", "line": 288}
{"timestamp": "2026-01-02T05:07:21.385267", "level": "INFO", "logger": "ETLOrchestrator", "message": "      ✓ 2 registros", "module": "main", "function": "_run_fact_building", "line": 311}
{"timestamp": "2026-01-02T05:07:21.385899", "level": "INFO", "logger": "ETLOrchestrator", "message": "   🏗️  Construyendo fact_inventario...", "module": "main", "function": "_run_fact_building", "line": 288}
{"timestamp": "2026-01-02T05:07:21.395605", "level": "INFO", "logger": "ETLOrchestrator", "message": "      ✓ 0 registros", "module": "main", "function": "_run_fact_building", "line": 311}
{"timestamp": "2026-01-02T05:07:21.397803", "level": "INFO", "logger": "ETLOrchestrator", "message": "   🏗️  Construyendo fact_transacciones...", "module": "main", "function": "_run_fact_building", "line": 288}
{"timestamp": "2026-01-02T05:07:21.401762", "level": "INFO", "logger": "ETLOrchestrator", "message": "      ✓ 0 registros", "module": "main", "function": "_run_fact_building", "line": 311}
{"timestamp": "2026-01-02T05:07:21.402113", "level": "INFO", "logger": "ETLOrchestrator", "message": "   🏗️  Construyendo fact_balance...", "module": "main", "function": "_run_fact_building", "line": 288}
{"timestamp": "2026-01-02T05:07:21.402400", "level": "ERROR", "logger": "ETLOrchestrator", "message": "      ✗ Error: Fact table fact_balance no implementada", "module": "main", "function": "_run_fact_building", "line": 314}
{"timestamp": "2026-01-02T05:07:21.403046", "level": "INFO", "logger": "ETLOrchestrator", "message": "   🏗️  Construyendo fact_estado_resultados...", "module": "main", "function": "_run_fact_building", "line": 288}
{"timestamp": "2026-01-02T05:07:21.403363", "level": "ERROR", "logger": "ETLOrchestrator", "message": "      ✗ Error: Fact table fact_estado_resultados no implementada", "module": "main", "function": "_run_fact_building", "line": 314}
{"timestamp": "2026-01-02T05:07:21.403628", "level": "INFO", "logger": "ETLOrchestrator", "message": "\n   ✅ Facts completadas: 2 registros totales", "module": "main", "function": "_run_fact_building", "line": 317}
{"timestamp": "2026-01-02T05:07:21.404105", "level": "INFO", "logger": "ETLOrchestrator", "message": "\n📤 FASE 4: CARGA", "module": "main", "function": "run_full_etl", "line": 119}
{"timestamp": "2026-01-02T05:07:21.404404", "level": "INFO", "logger": "ETLOrchestrator", "message": "   🚛 Cargando dimensiones...", "module": "main", "function": "_run_loading", "line": 327}
{"timestamp": "2026-01-02T05:07:21.417886", "level": "INFO", "logger": "ETLOrchestrator", "message": "      📤 dim_fecha...", "module": "main", "function": "_run_loading", "line": 337}
{"timestamp": "2026-01-02T05:07:21.824992", "level": "ERROR", "logger": "ETLOrchestrator", "message": "         ✗ Error: relation \"dim_fecha\" does not exist\n", "module": "main", "function": "_run_loading", "line": 351}
{"timestamp": "2026-01-02T05:07:21.825619", "level": "INFO", "logger": "ETLOrchestrator", "message": "      📤 dim_usuario...", "module": "main", "function": "_run_loading", "line": 337}
{"timestamp": "2026-01-02T05:07:21.869629", "level": "ERROR", "logger": "ETLOrchestrator", "message": "         ✗ Error: relation \"dim_usuario\" does not exist\n", "module": "main", "function": "_run_loading", "line": 351}
{"timestamp": "2026-01-02T05:07:21.870187", "level": "INFO", "logger": "ETLOrchestrator", "message": "      📤 dim_detalle_venta...", "module": "main", "function": "_run_loading", "line": 337}
{"timestamp": "2026-01-02T05:07:21.911106", "level": "ERROR", "logger": "ETLOrchestrator", "message": "         ✗ Error: relation \"dim_detalle_venta\" does not exist\n", "module": "main", "function": "_run_loading", "line": 351}
{"timestamp": "2026-01-02T05:07:21.911756", "level": "INFO", "logger": "ETLOrchestrator", "message": "\n   🚛 Cargando tablas de hechos...", "module": "main", "function": "_run_loading", "line": 355}
{"timestamp": "2026-01-02T05:07:21.912696", "level": "INFO", "logger": "ETLOrchestrator", "message": "      📤 fact_ventas...", "module": "main", "function": "_run_loading", "line": 364}
{"timestamp": "2026-01-02T05:07:21.951035", "level": "ERROR", "logger": "ETLOrchestrator", "message": "         ✗ Error: relation \"fact_ventas\" does not exist\n", "module": "main", "function": "_run_loading", "line": 378}
{"timestamp": "2026-01-02T05:07:21.951833", "level": "INFO", "logger": "ETLOrchestrator", "message": "      📤 fact_inventario...", "module": "main", "function": "_run_loading", "line": 364}
{"timestamp": "2026-01-02T05:07:21.982041", "level": "ERROR", "logger": "ETLOrchestrator", "message": "         ✗ Error: relation \"fact_inventario\" does not exist\n", "module": "main", "function": "_run_loading", "line": 378}
{"timestamp": "2026-01-02T05:07:21.982580", "level": "INFO", "logger": "ETLOrchestrator", "message": "      📤 fact_transacciones...", "module": "main", "function": "_run_loading", "line": 364}
{"timestamp": "2026-01-02T05:07:22.007126", "level": "ERROR", "logger": "ETLOrchestrator", "message": "         ✗ Error: relation \"fact_transacciones\" does not exist\n", "module": "main", "function": "_run_loading", "line": 378}
{"timestamp": "2026-01-02T05:07:22.007736", "level": "INFO", "logger": "ETLOrchestrator", "message": "\n   ✅ Carga completada: 0 registros totales", "module": "main", "function": "_run_loading", "line": 381}
{"timestamp": "2026-01-02T05:07:22.008062", "level": "INFO", "logger": "ETLOrchestrator", "message": "\n✅ FASE 5: VALIDACIÓN FINAL", "module": "main", "function": "run_full_etl", "line": 123}
{"timestamp": "2026-01-02T05:07:22.011096", "level": "INFO", "logger": "ETLOrchestrator", "message": "   🔍 Verificando integridad de datos...", "module": "main", "function": "_run_final_validation", "line": 391}
{"timestamp": "2026-01-02T05:07:22.011367", "level": "INFO", "logger": "ETLOrchestrator", "message": "      ✓ Integridad verificada", "module": "main", "function": "_run_final_validation", "line": 398}
{"timestamp": "2026-01-02T05:07:22.029167", "level": "INFO", "logger": "ETLOrchestrator", "message": "\n================================================================================", "module": "main", "function": "_print_final_summary", "line": 424}
{"timestamp": "2026-01-02T05:07:22.029692", "level": "INFO", "logger": "ETLOrchestrator", "message": "📊 RESUMEN FINAL DEL PROCESO ETL", "module": "main", "function": "_print_final_summary", "line": 425}
{"timestamp": "2026-01-02T05:07:22.029988", "level": "INFO", "logger": "ETLOrchestrator", "message": "================================================================================", "module": "main", "function": "_print_final_summary", "line": 426}
{"timestamp": "2026-01-02T05:07:22.030246", "level": "INFO", "logger": "ETLOrchestrator", "message": "\n⏱️  Tiempo total: 71.17 segundos", "module": "main", "function": "_print_final_summary", "line": 428}
{"timestamp": "2026-01-02T05:07:22.030497", "level": "INFO", "logger": "ETLOrchestrator", "message": "✅ Estado: success", "module": "main", "function": "_print_final_summary", "line": 429}
{"timestamp": "2026-01-02T05:07:22.030744", "level": "INFO", "logger": "ETLOrchestrator", "message": "\n📥 Extracción:", "module": "main", "function": "_print_final_summary", "line": 431}
{"timestamp": "2026-01-02T05:07:22.031080", "level": "INFO", "logger": "ETLOrchestrator", "message": "   Total registros: 2,278,255", "module": "main", "function": "_print_final_summary", "line": 432}
{"timestamp": "2026-01-02T05:07:22.031315", "level": "INFO", "logger": "ETLOrchestrator", "message": "\n🔄 Transformación:", "module": "main", "function": "_print_final_summary", "line": 436}
{"timestamp": "2026-01-02T05:07:22.031561", "level": "INFO", "logger": "ETLOrchestrator", "message": "   Dimensiones: 3", "module": "main", "function": "_print_final_summary", "line": 437}
{"timestamp": "2026-01-02T05:07:22.031813", "level": "INFO", "logger": "ETLOrchestrator", "message": "   Facts: 3", "module": "main", "function": "_print_final_summary", "line": 440}
{"timestamp": "2026-01-02T05:07:22.032039", "level": "INFO", "logger": "ETLOrchestrator", "message": "   Total registros: 2,562", "module": "main", "function": "_print_final_summary", "line": 441}
{"timestamp": "2026-01-02T05:07:22.032249", "level": "INFO", "logger": "ETLOrchestrator", "message": "\n📤 Carga:", "module": "main", "function": "_print_final_summary", "line": 445}
{"timestamp": "2026-01-02T05:07:22.032477", "level": "INFO", "logger": "ETLOrchestrator", "message": "   Tablas: 0", "module": "main", "function": "_print_final_summary", "line": 446}
{"timestamp": "2026-01-02T05:07:22.032840", "level": "INFO", "logger": "ETLOrchestrator", "message": "   Total registros: 0", "module": "main", "function": "_print_final_summary", "line": 447}
{"timestamp": "2026-01-02T05:07:22.033138", "level": "WARNING", "logger": "ETLOrchestrator", "message": "\n⚠️  Errores encontrados:", "module": "main", "function": "_print_final_summary", "line": 454}
{"timestamp": "2026-01-02T05:07:22.034219", "level": "WARNING", "logger": "ETLOrchestrator", "message": "   {'dim_cliente': 'Dimensión dim_cliente no implementada'}", "module": "main", "function": "_print_final_summary", "line": 460}
{"timestamp": "2026-01-02T05:07:22.034522", "level": "WARNING", "logger": "ETLOrchestrator", "message": "   {'dim_producto': 'Dimensión dim_producto no implementada'}", "module": "main", "function": "_print_final_summary", "line": 460}
{"timestamp": "2026-01-02T05:07:22.034852", "level": "WARNING", "logger": "ETLOrchestrator", "message": "   {'dim_orden': 'Dimensión dim_orden no implementada'}", "module": "main", "function": "_print_final_summary", "line": 460}
{"timestamp": "2026-01-02T05:07:22.035102", "level": "WARNING", "logger": "ETLOrchestrator", "message": "   {'dim_sitio_web': 'Dimensión dim_sitio_web no implementada'}", "module": "main", "function": "_print_final_summary", "line": 460}
{"timestamp": "2026-01-02T05:07:22.035376", "level": "WARNING", "logger": "ETLOrchestrator", "message": "   {'dim_canal': 'Dimensión dim_canal no implementada'}", "module": "main", "function": "_print_final_summary", "line": 460}
{"timestamp": "2026-01-02T05:07:22.035606", "level": "WARNING", "logger": "ETLOrchestrator", "message": "   {'dim_direccion': 'Dimensión dim_direccion no implementada'}", "module": "main", "function": "_print_final_summary", "line": 460}
{"timestamp": "2026-01-02T05:07:22.035850", "level": "WARNING", "logger": "ETLOrchestrator", "message": "   {'dim_envio': 'Dimensión dim_envio no implementada'}", "module": "main", "function": "_print_final_summary", "line": 460}
{"timestamp": "2026-01-02T05:07:22.036060", "level": "WARNING", "logger": "ETLOrchestrator", "message": "   {'dim_pago': 'Dimensión dim_pago no implementada'}", "module": "main", "function": "_print_final_summary", "line": 460}
{"timestamp": "2026-01-02T05:07:22.036261", "level": "WARNING", "logger": "ETLOrchestrator", "message": "   {'dim_impuestos': 'Dimensión dim_impuestos no implementada'}", "module": "main", "function": "_print_final_summary", "line": 460}
{"timestamp": "2026-01-02T05:07:22.036469", "level": "WARNING", "logger": "ETLOrchestrator", "message": "   {'dim_promocion': 'Dimensión dim_promocion no implementada'}", "module": "main", "function": "_print_final_summary", "line": 460}
{"timestamp": "2026-01-02T05:07:22.036687", "level": "WARNING", "logger": "ETLOrchestrator", "message": "   {'dim_line_item': 'Dimensión dim_line_item no implementada'}", "module": "main", "function": "_print_final_summary", "line": 460}
{"timestamp": "2026-01-02T05:07:22.036999", "level": "WARNING", "logger": "ETLOrchestrator", "message": "   {'dim_estado_orden': 'Dimensión dim_estado_orden no implementada'}", "module": "main", "function": "_print_final_summary", "line": 460}
{"timestamp": "2026-01-02T05:07:22.037222", "level": "WARNING", "logger": "ETLOrchestrator", "message": "   {'dim_estado_pago': 'Dimensión dim_estado_pago no implementada'}", "module": "main", "function": "_print_final_summary", "line": 460}
{"timestamp": "2026-01-02T05:07:22.037439", "level": "WARNING", "logger": "ETLOrchestrator", "message": "   {'dim_almacen': 'Dimensión dim_almacen no implementada'}", "module": "main", "function": "_print_final_summary", "line": 460}
{"timestamp": "2026-01-02T05:07:22.037691", "level": "WARNING", "logger": "ETLOrchestrator", "message": "   {'dim_proveedor': 'Dimensión dim_proveedor no implementada'}", "module": "main", "function": "_print_final_summary", "line": 460}
{"timestamp": "2026-01-02T05:07:22.037954", "level": "WARNING", "logger": "ETLOrchestrator", "message": "   {'dim_tipo_movimiento': 'Dimensión dim_tipo_movimiento no implementada'}", "module": "main", "function": "_print_final_summary", "line": 460}
{"timestamp": "2026-01-02T05:07:22.038208", "level": "WARNING", "logger": "ETLOrchestrator", "message": "   {'dim_categoria_producto': 'Dimensión dim_categoria_producto no implementada'}", "module": "main", "function": "_print_final_summary", "line": 460}
{"timestamp": "2026-01-02T05:07:22.038435", "level": "WARNING", "logger": "ETLOrchestrator", "message": "   {'dim_cuenta_contable': 'Dimensión dim_cuenta_contable no implementada'}", "module": "main", "function": "_print_final_summary", "line": 460}
{"timestamp": "2026-01-02T05:07:22.038642", "level": "WARNING", "logger": "ETLOrchestrator", "message": "   {'dim_centro_costo': 'Dimensión dim_centro_costo no implementada'}", "module": "main", "function": "_print_final_summary", "line": 460}
{"timestamp": "2026-01-02T05:07:22.038899", "level": "WARNING", "logger": "ETLOrchestrator", "message": "   {'dim_tipo_transaccion': 'Dimensión dim_tipo_transaccion no implementada'}", "module": "main", "function": "_print_final_summary", "line": 460}
{"timestamp": "2026-01-02T05:07:22.039105", "level": "WARNING", "logger": "ETLOrchestrator", "message": "   {'dim_periodo_contable': 'Dimensión dim_periodo_contable no implementada'}", "module": "main", "function": "_print_final_summary", "line": 460}
{"timestamp": "2026-01-02T05:07:22.039304", "level": "WARNING", "logger": "ETLOrchestrator", "message": "   {'fact_balance': 'Fact table fact_balance no implementada'}", "module": "main", "function": "_print_final_summary", "line": 460}
{"timestamp": "2026-01-02T05:07:22.039547", "level": "WARNING", "logger": "ETLOrchestrator", "message": "   {'fact_estado_resultados': 'Fact table fact_estado_resultados no implementada'}", "module": "main", "function": "_print_final_summary", "line": 460}
{"timestamp": "2026-01-02T05:07:22.039843", "level": "WARNING", "logger": "ETLOrchestrator", "message": "   {'dim_fecha': 'relation \"dim_fecha\" does not exist\\n'}", "module": "main", "function": "_print_final_summary", "line": 460}
{"timestamp": "2026-01-02T05:07:22.040080", "level": "WARNING", "logger": "ETLOrchestrator", "message": "   {'dim_usuario': 'relation \"dim_usuario\" does not exist\\n'}", "module": "main", "function": "_print_final_summary", "line": 460}
{"timestamp": "2026-01-02T05:07:22.040301", "level": "WARNING", "logger": "ETLOrchestrator", "message": "   {'dim_detalle_venta': 'relation \"dim_detalle_venta\" does not exist\\n'}", "module": "main", "function": "_print_final_summary", "line": 460}
{"timestamp": "2026-01-02T05:07:22.040520", "level": "WARNING", "logger": "ETLOrchestrator", "message": "   {'fact_ventas': 'relation \"fact_ventas\" does not exist\\n'}", "module": "main", "function": "_print_final_summary", "line": 460}
{"timestamp": "2026-01-02T05:07:22.040740", "level": "WARNING", "logger": "ETLOrchestrator", "message": "   {'fact_inventario': 'relation \"fact_inventario\" does not exist\\n'}", "module": "main", "function": "_print_final_summary", "line": 460}
{"timestamp": "2026-01-02T05:07:22.041046", "level": "WARNING", "logger": "ETLOrchestrator", "message": "   {'fact_transacciones': 'relation \"fact_transacciones\" does not exist\\n'}", "module": "main", "function": "_print_final_summary", "line": 460}
{"timestamp": "2026-01-02T05:07:22.041274", "level": "INFO", "logger": "ETLOrchestrator", "message": "\n================================================================================", "module": "main", "function": "_print_final_summary", "line": 462}
{"timestamp": "2026-01-02T05:14:50.730113", "level": "INFO", "logger": "ETLOrchestrator", "message": "🚀 Orquestador ETL inicializado", "module": "main", "function": "__init__", "line": 90}
{"timestamp": "2026-01-02T05:14:50.731450", "level": "INFO", "logger": "ETLOrchestrator", "message": "================================================================================", "module": "main", "function": "run_full_etl", "line": 99}
{"timestamp": "2026-01-02T05:14:50.731931", "level": "INFO", "logger": "ETLOrchestrator", "message": "🏪 PUNTAFINA ETL BATCH - PROCESO COMPLETO", "module": "main", "function": "run_full_etl", "line": 100}
{"timestamp": "2026-01-02T05:14:50.732298", "level": "INFO", "logger": "ETLOrchestrator", "message": "================================================================================", "module": "main", "function": "run_full_etl", "line": 101}
{"timestamp": "2026-01-02T05:14:50.732654", "level": "INFO", "logger": "ETLOrchestrator", "message": "\n📥 FASE 1: EXTRACCIÓN", "module": "main", "function": "run_full_etl", "line": 107}
{"timestamp": "2026-01-02T05:14:50.733020", "level": "INFO", "logger": "ETLOrchestrator", "message": "   📊 Extrayendo de OroCommerce...", "module": "main", "function": "_run_extraction", "line": 156}
{"timestamp": "2026-01-02T05:15:52.237788", "level": "INFO", "logger": "ETLOrchestrator", "message": "      ✓ 2,278,255 registros", "module": "main", "function": "_run_extraction", "line": 162}
{"timestamp": "2026-01-02T05:15:52.273814", "level": "INFO", "logger": "ETLOrchestrator", "message": "   📊 Extrayendo de OroCRM...", "module": "main", "function": "_run_extraction", "line": 168}
{"timestamp": "2026-01-02T05:15:52.461395", "level": "INFO", "logger": "ETLOrchestrator", "message": "      ✓ 0 registros", "module": "main", "function": "_run_extraction", "line": 174}
{"timestamp": "2026-01-02T05:15:52.464157", "level": "INFO", "logger": "ETLOrchestrator", "message": "   📁 Extrayendo de archivos CSV...", "module": "main", "function": "_run_extraction", "line": 180}
{"timestamp": "2026-01-02T05:15:52.494724", "level": "INFO", "logger": "ETLOrchestrator", "message": "      ✓ 0 registros", "module": "main", "function": "_run_extraction", "line": 186}
{"timestamp": "2026-01-02T05:15:52.496227", "level": "INFO", "logger": "ETLOrchestrator", "message": "\n   ✅ Extracción completada: 2,278,255 registros totales", "module": "main", "function": "_run_extraction", "line": 195}
{"timestamp": "2026-01-02T05:15:52.499362", "level": "INFO", "logger": "ETLOrchestrator", "message": "\n🔄 FASE 2: TRANSFORMACIÓN - DIMENSIONES", "module": "main", "function": "run_full_etl", "line": 111}
{"timestamp": "2026-01-02T05:15:52.501330", "level": "INFO", "logger": "ETLOrchestrator", "message": "   🔨 Construyendo dim_fecha...", "module": "main", "function": "_run_dimension_building", "line": 210}
{"timestamp": "2026-01-02T05:16:11.409481", "level": "INFO", "logger": "ETLOrchestrator", "message": "      ✓ 2,557 registros", "module": "main", "function": "_run_dimension_building", "line": 230}
{"timestamp": "2026-01-02T05:16:11.411565", "level": "INFO", "logger": "ETLOrchestrator", "message": "   🔨 Construyendo dim_detalle_venta...", "module": "main", "function": "_run_dimension_building", "line": 210}
{"timestamp": "2026-01-02T05:16:11.426440", "level": "INFO", "logger": "ETLOrchestrator", "message": "      ✓ 1 registros", "module": "main", "function": "_run_dimension_building", "line": 230}
{"timestamp": "2026-01-02T05:16:11.427562", "level": "INFO", "logger": "ETLOrchestrator", "message": "   🔨 Construyendo dim_usuario...", "module": "main", "function": "_run_dimension_building", "line": 210}
{"timestamp": "2026-01-02T05:16:11.434992", "level": "INFO", "logger": "ETLOrchestrator", "message": "      ✓ 2 registros", "module": "main", "function": "_run_dimension_building", "line": 230}
{"timestamp": "2026-01-02T05:16:11.435502", "level": "INFO", "logger": "ETLOrchestrator", "message": "\n   📦 Módulo: ventas", "module": "main", "function": "_run_dimension_building", "line": 241}
{"timestamp": "2026-01-02T05:16:11.443587", "level": "INFO", "logger": "ETLOrchestrator", "message": "      🔨 Construyendo dim_cliente...", "module": "main", "function": "_run_dimension_building", "line": 245}
{"timestamp": "2026-01-02T05:16:11.444668", "level": "ERROR", "logger": "ETLOrchestrator", "message": "         ✗ Error: Dimensión dim_cliente no implementada", "module": "main", "function": "_run_dimension_building", "line": 271}
{"timestamp": "2026-01-02T05:16:11.445186", "level": "INFO", "logger": "ETLOrchestrator", "message": "      🔨 Construyendo dim_producto...", "module": "main", "function": "_run_dimension_building", "line": 245}
{"timestamp": "2026-01-02T05:16:11.445666", "level": "ERROR", "logger": "ETLOrchestrator", "message": "         ✗ Error: Dimensión dim_producto no implementada", "module": "main", "function": "_run_dimension_building", "line": 271}
{"timestamp": "2026-01-02T05:16:11.446107", "level": "INFO", "logger": "ETLOrchestrator", "message": "      🔨 Construyendo dim_orden...", "module": "main", "function": "_run_dimension_building", "line": 245}
{"timestamp": "2026-01-02T05:16:11.446545", "level": "ERROR", "logger": "ETLOrchestrator", "message": "         ✗ Error: Dimensión dim_orden no implementada", "module": "main", "function": "_run_dimension_building", "line": 271}
{"timestamp": "2026-01-02T05:16:11.447356", "level": "INFO", "logger": "ETLOrchestrator", "message": "      🔨 Construyendo dim_sitio_web...", "module": "main", "function": "_run_dimension_building", "line": 245}
{"timestamp": "2026-01-02T05:16:11.447846", "level": "ERROR", "logger": "ETLOrchestrator", "message": "         ✗ Error: Dimensión dim_sitio_web no implementada", "module": "main", "function": "_run_dimension_building", "line": 271}
{"timestamp": "2026-01-02T05:16:11.448528", "level": "INFO", "logger": "ETLOrchestrator", "message": "      🔨 Construyendo dim_canal...", "module": "main", "function": "_run_dimension_building", "line": 245}
{"timestamp": "2026-01-02T05:16:11.448972", "level": "ERROR", "logger": "ETLOrchestrator", "message": "         ✗ Error: Dimensión dim_canal no implementada", "module": "main", "function": "_run_dimension_building", "line": 271}
{"timestamp": "2026-01-02T05:16:11.449753", "level": "INFO", "logger": "ETLOrchestrator", "message": "      🔨 Construyendo dim_direccion...", "module": "main", "function": "_run_dimension_building", "line": 245}
{"timestamp": "2026-01-02T05:16:11.450291", "level": "ERROR", "logger": "ETLOrchestrator", "message": "         ✗ Error: Dimensión dim_direccion no implementada", "module": "main", "function": "_run_dimension_building", "line": 271}
{"timestamp": "2026-01-02T05:16:11.450842", "level": "INFO", "logger": "ETLOrchestrator", "message": "      🔨 Construyendo dim_envio...", "module": "main", "function": "_run_dimension_building", "line": 245}
{"timestamp": "2026-01-02T05:16:11.451373", "level": "ERROR", "logger": "ETLOrchestrator", "message": "         ✗ Error: Dimensión dim_envio no implementada", "module": "main", "function": "_run_dimension_building", "line": 271}
{"timestamp": "2026-01-02T05:16:11.453449", "level": "INFO", "logger": "ETLOrchestrator", "message": "      🔨 Construyendo dim_pago...", "module": "main", "function": "_run_dimension_building", "line": 245}
{"timestamp": "2026-01-02T05:16:11.459167", "level": "ERROR", "logger": "ETLOrchestrator", "message": "         ✗ Error: Dimensión dim_pago no implementada", "module": "main", "function": "_run_dimension_building", "line": 271}
{"timestamp": "2026-01-02T05:16:11.461557", "level": "INFO", "logger": "ETLOrchestrator", "message": "      🔨 Construyendo dim_impuestos...", "module": "main", "function": "_run_dimension_building", "line": 245}
{"timestamp": "2026-01-02T05:16:11.462963", "level": "ERROR", "logger": "ETLOrchestrator", "message": "         ✗ Error: Dimensión dim_impuestos no implementada", "module": "main", "function": "_run_dimension_building", "line": 271}
{"timestamp": "2026-01-02T05:16:11.464241", "level": "INFO", "logger": "ETLOrchestrator", "message": "      🔨 Construyendo dim_promocion...", "module": "main", "function": "_run_dimension_building", "line": 245}
{"timestamp": "2026-01-02T05:16:11.465871", "level": "ERROR", "logger": "ETLOrchestrator", "message": "         ✗ Error: Dimensión dim_promocion no implementada", "module": "main", "function": "_run_dimension_building", "line": 271}
{"timestamp": "2026-01-02T05:16:11.466886", "level": "INFO", "logger": "ETLOrchestrator", "message": "      🔨 Construyendo dim_line_item...", "module": "main", "function": "_run_dimension_building", "line": 245}
{"timestamp": "2026-01-02T05:16:11.467400", "level": "ERROR", "logger": "ETLOrchestrator", "message": "         ✗ Error: Dimensión dim_line_item no implementada", "module": "main", "function": "_run_dimension_building", "line": 271}
{"timestamp": "2026-01-02T05:16:11.471218", "level": "INFO", "logger": "ETLOrchestrator", "message": "      🔨 Construyendo dim_estado_orden...", "module": "main", "function": "_run_dimension_building", "line": 245}
{"timestamp": "2026-01-02T05:16:11.477976", "level": "ERROR", "logger": "ETLOrchestrator", "message": "         ✗ Error: Dimensión dim_estado_orden no implementada", "module": "main", "function": "_run_dimension_building", "line": 271}
{"timestamp": "2026-01-02T05:16:11.479973", "level": "INFO", "logger": "ETLOrchestrator", "message": "      🔨 Construyendo dim_estado_pago...", "module": "main", "function": "_run_dimension_building", "line": 245}
{"timestamp": "2026-01-02T05:16:11.481301", "level": "ERROR", "logger": "ETLOrchestrator", "message": "         ✗ Error: Dimensión dim_estado_pago no implementada", "module": "main", "function": "_run_dimension_building", "line": 271}
{"timestamp": "2026-01-02T05:16:11.482457", "level": "INFO", "logger": "ETLOrchestrator", "message": "\n   📦 Módulo: inventario", "module": "main", "function": "_run_dimension_building", "line": 241}
{"timestamp": "2026-01-02T05:16:11.483097", "level": "INFO", "logger": "ETLOrchestrator", "message": "      🔨 Construyendo dim_almacen...", "module": "main", "function": "_run_dimension_building", "line": 245}
{"timestamp": "2026-01-02T05:16:11.484564", "level": "ERROR", "logger": "ETLOrchestrator", "message": "         ✗ Error: Dimensión dim_almacen no implementada", "module": "main", "function": "_run_dimension_building", "line": 271}
{"timestamp": "2026-01-02T05:16:11.486159", "level": "INFO", "logger": "ETLOrchestrator", "message": "      🔨 Construyendo dim_proveedor...", "module": "main", "function": "_run_dimension_building", "line": 245}
{"timestamp": "2026-01-02T05:16:11.486938", "level": "ERROR", "logger": "ETLOrchestrator", "message": "         ✗ Error: Dimensión dim_proveedor no implementada", "module": "main", "function": "_run_dimension_building", "line": 271}
{"timestamp": "2026-01-02T05:16:11.487375", "level": "INFO", "logger": "ETLOrchestrator", "message": "      🔨 Construyendo dim_tipo_movimiento...", "module": "main", "function": "_run_dimension_building", "line": 245}
{"timestamp": "2026-01-02T05:16:11.487944", "level": "ERROR", "logger": "ETLOrchestrator", "message": "         ✗ Error: Dimensión dim_tipo_movimiento no implementada", "module": "main", "function": "_run_dimension_building", "line": 271}
{"timestamp": "2026-01-02T05:16:11.488398", "level": "INFO", "logger": "ETLOrchestrator", "message": "      🔨 Construyendo dim_categoria_producto...", "module": "main", "function": "_run_dimension_building", "line": 245}
{"timestamp": "2026-01-02T05:16:11.488832", "level": "ERROR", "logger": "ETLOrchestrator", "message": "         ✗ Error: Dimensión dim_categoria_producto no implementada", "module": "main", "function": "_run_dimension_building", "line": 271}
{"timestamp": "2026-01-02T05:16:11.489501", "level": "INFO", "logger": "ETLOrchestrator", "message": "\n   📦 Módulo: finanzas", "module": "main", "function": "_run_dimension_building", "line": 241}
{"timestamp": "2026-01-02T05:16:11.490032", "level": "INFO", "logger": "ETLOrchestrator", "message": "      🔨 Construyendo dim_cuenta_contable...", "module": "main", "function": "_run_dimension_building", "line": 245}
{"timestamp": "2026-01-02T05:16:11.491097", "level": "ERROR", "logger": "ETLOrchestrator", "message": "         ✗ Error: Dimensión dim_cuenta_contable no implementada", "module": "main", "function": "_run_dimension_building", "line": 271}
{"timestamp": "2026-01-02T05:16:11.492620", "level": "INFO", "logger": "ETLOrchestrator", "message": "      🔨 Construyendo dim_centro_costo...", "module": "main", "function": "_run_dimension_building", "line": 245}
{"timestamp": "2026-01-02T05:16:11.493766", "level": "ERROR", "logger": "ETLOrchestrator", "message": "         ✗ Error: Dimensión dim_centro_costo no implementada", "module": "main", "function": "_run_dimension_building", "line": 271}
{"timestamp": "2026-01-02T05:16:11.494190", "level": "INFO", "logger": "ETLOrchestrator", "message": "      🔨 Construyendo dim_tipo_transaccion...", "module": "main", "function": "_run_dimension_building", "line": 245}
{"timestamp": "2026-01-02T05:16:11.494804", "level": "ERROR", "logger": "ETLOrchestrator", "message": "         ✗ Error: Dimensión dim_tipo_transaccion no implementada", "module": "main", "function": "_run_dimension_building", "line": 271}
{"timestamp": "2026-01-02T05:16:11.495317", "level": "INFO", "logger": "ETLOrchestrator", "message": "      🔨 Construyendo dim_periodo_contable...", "module": "main", "function": "_run_dimension_building", "line": 245}
{"timestamp": "2026-01-02T05:16:11.495830", "level": "ERROR", "logger": "ETLOrchestrator", "message": "         ✗ Error: Dimensión dim_periodo_contable no implementada", "module": "main", "function": "_run_dimension_building", "line": 271}
{"timestamp": "2026-01-02T05:16:11.496271", "level": "INFO", "logger": "ETLOrchestrator", "message": "\n   ✅ Dimensiones completadas: 2,560 registros totales", "module": "main", "function": "_run_dimension_building", "line": 274}
{"timestamp": "2026-01-02T05:16:11.496930", "level": "INFO", "logger": "ETLOrchestrator", "message": "\n🔄 FASE 3: TRANSFORMACIÓN - TABLAS DE HECHOS", "module": "main", "function": "run_full_etl", "line": 115}
{"timestamp": "2026-01-02T05:16:11.497432", "level": "INFO", "logger": "ETLOrchestrator", "message": "   🏗️  Construyendo fact_ventas...", "module": "main", "function": "_run_fact_building", "line": 288}
{"timestamp": "2026-01-02T05:16:11.530216", "level": "INFO", "logger": "ETLOrchestrator", "message": "      ✓ 2 registros", "module": "main", "function": "_run_fact_building", "line": 311}
{"timestamp": "2026-01-02T05:16:11.530974", "level": "INFO", "logger": "ETLOrchestrator", "message": "   🏗️  Construyendo fact_inventario...", "module": "main", "function": "_run_fact_building", "line": 288}
{"timestamp": "2026-01-02T05:16:11.540911", "level": "INFO", "logger": "ETLOrchestrator", "message": "      ✓ 0 registros", "module": "main", "function": "_run_fact_building", "line": 311}
{"timestamp": "2026-01-02T05:16:11.542532", "level": "INFO", "logger": "ETLOrchestrator", "message": "   🏗️  Construyendo fact_transacciones...", "module": "main", "function": "_run_fact_building", "line": 288}
{"timestamp": "2026-01-02T05:16:11.548988", "level": "INFO", "logger": "ETLOrchestrator", "message": "      ✓ 0 registros", "module": "main", "function": "_run_fact_building", "line": 311}
{"timestamp": "2026-01-02T05:16:11.549314", "level": "INFO", "logger": "ETLOrchestrator", "message": "   🏗️  Construyendo fact_balance...", "module": "main", "function": "_run_fact_building", "line": 288}
{"timestamp": "2026-01-02T05:16:11.549509", "level": "ERROR", "logger": "ETLOrchestrator", "message": "      ✗ Error: Fact table fact_balance no implementada", "module": "main", "function": "_run_fact_building", "line": 314}
{"timestamp": "2026-01-02T05:16:11.549671", "level": "INFO", "logger": "ETLOrchestrator", "message": "   🏗️  Construyendo fact_estado_resultados...", "module": "main", "function": "_run_fact_building", "line": 288}
{"timestamp": "2026-01-02T05:16:11.549844", "level": "ERROR", "logger": "ETLOrchestrator", "message": "      ✗ Error: Fact table fact_estado_resultados no implementada", "module": "main", "function": "_run_fact_building", "line": 314}
{"timestamp": "2026-01-02T05:16:11.551621", "level": "INFO", "logger": "ETLOrchestrator", "message": "\n   ✅ Facts completadas: 2 registros totales", "module": "main", "function": "_run_fact_building", "line": 317}
{"timestamp": "2026-01-02T05:16:11.552414", "level": "INFO", "logger": "ETLOrchestrator", "message": "\n📤 FASE 4: CARGA", "module": "main", "function": "run_full_etl", "line": 119}
{"timestamp": "2026-01-02T05:16:11.553307", "level": "INFO", "logger": "ETLOrchestrator", "message": "   🚛 Cargando dimensiones...", "module": "main", "function": "_run_loading", "line": 327}
{"timestamp": "2026-01-02T05:16:11.564093", "level": "INFO", "logger": "ETLOrchestrator", "message": "      📤 dim_fecha...", "module": "main", "function": "_run_loading", "line": 337}
{"timestamp": "2026-01-02T05:16:11.920676", "level": "ERROR", "logger": "ETLOrchestrator", "message": "         ✗ Error: relation \"dim_fecha\" does not exist\n", "module": "main", "function": "_run_loading", "line": 351}
{"timestamp": "2026-01-02T05:16:11.921767", "level": "INFO", "logger": "ETLOrchestrator", "message": "      📤 dim_usuario...", "module": "main", "function": "_run_loading", "line": 337}
{"timestamp": "2026-01-02T05:16:11.960406", "level": "ERROR", "logger": "ETLOrchestrator", "message": "         ✗ Error: relation \"dim_usuario\" does not exist\n", "module": "main", "function": "_run_loading", "line": 351}
{"timestamp": "2026-01-02T05:16:11.963585", "level": "INFO", "logger": "ETLOrchestrator", "message": "      📤 dim_detalle_venta...", "module": "main", "function": "_run_loading", "line": 337}
{"timestamp": "2026-01-02T05:16:12.006185", "level": "ERROR", "logger": "ETLOrchestrator", "message": "         ✗ Error: relation \"dim_detalle_venta\" does not exist\n", "module": "main", "function": "_run_loading", "line": 351}
{"timestamp": "2026-01-02T05:16:12.007055", "level": "INFO", "logger": "ETLOrchestrator", "message": "\n   🚛 Cargando tablas de hechos...", "module": "main", "function": "_run_loading", "line": 355}
{"timestamp": "2026-01-02T05:16:12.007979", "level": "INFO", "logger": "ETLOrchestrator", "message": "      📤 fact_ventas...", "module": "main", "function": "_run_loading", "line": 364}
{"timestamp": "2026-01-02T05:16:12.039930", "level": "ERROR", "logger": "ETLOrchestrator", "message": "         ✗ Error: relation \"fact_ventas\" does not exist\n", "module": "main", "function": "_run_loading", "line": 378}
{"timestamp": "2026-01-02T05:16:12.043422", "level": "INFO", "logger": "ETLOrchestrator", "message": "      📤 fact_inventario...", "module": "main", "function": "_run_loading", "line": 364}
{"timestamp": "2026-01-02T05:16:12.079761", "level": "ERROR", "logger": "ETLOrchestrator", "message": "         ✗ Error: relation \"fact_inventario\" does not exist\n", "module": "main", "function": "_run_loading", "line": 378}
{"timestamp": "2026-01-02T05:16:12.080659", "level": "INFO", "logger": "ETLOrchestrator", "message": "      📤 fact_transacciones...", "module": "main", "function": "_run_loading", "line": 364}
{"timestamp": "2026-01-02T05:16:12.111059", "level": "ERROR", "logger": "ETLOrchestrator", "message": "         ✗ Error: relation \"fact_transacciones\" does not exist\n", "module": "main", "function": "_run_loading", "line": 378}
{"timestamp": "2026-01-02T05:16:12.111881", "level": "INFO", "logger": "ETLOrchestrator", "message": "\n   ✅ Carga completada: 0 registros totales", "module": "main", "function": "_run_loading", "line": 381}
{"timestamp": "2026-01-02T05:16:12.112312", "level": "INFO", "logger": "ETLOrchestrator", "message": "\n✅ FASE 5: VALIDACIÓN FINAL", "module": "main", "function": "run_full_etl", "line": 123}
{"timestamp": "2026-01-02T05:16:12.114455", "level": "INFO", "logger": "ETLOrchestrator", "message": "   🔍 Verificando integridad de datos...", "module": "main", "function": "_run_final_validation", "line": 391}
{"timestamp": "2026-01-02T05:16:12.116333", "level": "INFO", "logger": "ETLOrchestrator", "message": "      ✓ Integridad verificada", "module": "main", "function": "_run_final_validation", "line": 398}
{"timestamp": "2026-01-02T05:16:12.143045", "level": "INFO", "logger": "ETLOrchestrator", "message": "\n================================================================================", "module": "main", "function": "_print_final_summary", "line": 424}
{"timestamp": "2026-01-02T05:16:12.143855", "level": "INFO", "logger": "ETLOrchestrator", "message": "📊 RESUMEN FINAL DEL PROCESO ETL", "module": "main", "function": "_print_final_summary", "line": 425}
{"timestamp": "2026-01-02T05:16:12.144251", "level": "INFO", "logger": "ETLOrchestrator", "message": "================================================================================", "module": "main", "function": "_print_final_summary", "line": 426}
{"timestamp": "2026-01-02T05:16:12.144749", "level": "INFO", "logger": "ETLOrchestrator", "message": "\n⏱️  Tiempo total: 81.38 segundos", "module": "main", "function": "_print_final_summary", "line": 428}
{"timestamp": "2026-01-02T05:16:12.145185", "level": "INFO", "logger": "ETLOrchestrator", "message": "✅ Estado: success", "module": "main", "function": "_print_final_summary", "line": 429}
{"timestamp": "2026-01-02T05:16:12.145586", "level": "INFO", "logger": "ETLOrchestrator", "message": "\n📥 Extracción:", "module": "main", "function": "_print_final_summary", "line": 431}
{"timestamp": "2026-01-02T05:16:12.146022", "level": "INFO", "logger": "ETLOrchestrator", "message": "   Total registros: 2,278,255", "module": "main", "function": "_print_final_summary", "line": 432}
{"timestamp": "2026-01-02T05:16:12.146373", "level": "INFO", "logger": "ETLOrchestrator", "message": "\n🔄 Transformación:", "module": "main", "function": "_print_final_summary", "line": 436}
{"timestamp": "2026-01-02T05:16:12.146726", "level": "INFO", "logger": "ETLOrchestrator", "message": "   Dimensiones: 3", "module": "main", "function": "_print_final_summary", "line": 437}
{"timestamp": "2026-01-02T05:16:12.147160", "level": "INFO", "logger": "ETLOrchestrator", "message": "   Facts: 3", "module": "main", "function": "_print_final_summary", "line": 440}
{"timestamp": "2026-01-02T05:16:12.147520", "level": "INFO", "logger": "ETLOrchestrator", "message": "   Total registros: 2,562", "module": "main", "function": "_print_final_summary", "line": 441}
{"timestamp": "2026-01-02T05:16:12.148190", "level": "INFO", "logger": "ETLOrchestrator", "message": "\n📤 Carga:", "module": "main", "function": "_print_final_summary", "line": 445}
{"timestamp": "2026-01-02T05:16:12.149152", "level": "INFO", "logger": "ETLOrchestrator", "message": "   Tablas: 0", "module": "main", "function": "_print_final_summary", "line": 446}
{"timestamp": "2026-01-02T05:16:12.149795", "level": "INFO", "logger": "ETLOrchestrator", "message": "   Total registros: 0", "module": "main", "function": "_print_final_summary", "line": 447}
{"timestamp": "2026-01-02T05:16:12.150184", "level": "WARNING", "logger": "ETLOrchestrator", "message": "\n⚠️  Errores encontrados:", "module": "main", "function": "_print_final_summary", "line": 454}
{"timestamp": "2026-01-02T05:16:12.151761", "level": "WARNING", "logger": "ETLOrchestrator", "message": "   {'dim_cliente': 'Dimensión dim_cliente no implementada'}", "module": "main", "function": "_print_final_summary", "line": 460}
{"timestamp": "2026-01-02T05:16:12.152281", "level": "WARNING", "logger": "ETLOrchestrator", "message": "   {'dim_producto': 'Dimensión dim_producto no implementada'}", "module": "main", "function": "_print_final_summary", "line": 460}
{"timestamp": "2026-01-02T05:16:12.153068", "level": "WARNING", "logger": "ETLOrchestrator", "message": "   {'dim_orden': 'Dimensión dim_orden no implementada'}", "module": "main", "function": "_print_final_summary", "line": 460}
{"timestamp": "2026-01-02T05:16:12.153683", "level": "WARNING", "logger": "ETLOrchestrator", "message": "   {'dim_sitio_web': 'Dimensión dim_sitio_web no implementada'}", "module": "main", "function": "_print_final_summary", "line": 460}
{"timestamp": "2026-01-02T05:16:12.154372", "level": "WARNING", "logger": "ETLOrchestrator", "message": "   {'dim_canal': 'Dimensión dim_canal no implementada'}", "module": "main", "function": "_print_final_summary", "line": 460}
{"timestamp": "2026-01-02T05:16:12.155274", "level": "WARNING", "logger": "ETLOrchestrator", "message": "   {'dim_direccion': 'Dimensión dim_direccion no implementada'}", "module": "main", "function": "_print_final_summary", "line": 460}
{"timestamp": "2026-01-02T05:16:12.155768", "level": "WARNING", "logger": "ETLOrchestrator", "message": "   {'dim_envio': 'Dimensión dim_envio no implementada'}", "module": "main", "function": "_print_final_summary", "line": 460}
{"timestamp": "2026-01-02T05:16:12.156148", "level": "WARNING", "logger": "ETLOrchestrator", "message": "   {'dim_pago': 'Dimensión dim_pago no implementada'}", "module": "main", "function": "_print_final_summary", "line": 460}
{"timestamp": "2026-01-02T05:16:12.156592", "level": "WARNING", "logger": "ETLOrchestrator", "message": "   {'dim_impuestos': 'Dimensión dim_impuestos no implementada'}", "module": "main", "function": "_print_final_summary", "line": 460}
{"timestamp": "2026-01-02T05:16:12.156967", "level": "WARNING", "logger": "ETLOrchestrator", "message": "   {'dim_promocion': 'Dimensión dim_promocion no implementada'}", "module": "main", "function": "_print_final_summary", "line": 460}
{"timestamp": "2026-01-02T05:16:12.157308", "level": "WARNING", "logger": "ETLOrchestrator", "message": "   {'dim_line_item': 'Dimensión dim_line_item no implementada'}", "module": "main", "function": "_print_final_summary", "line": 460}
{"timestamp": "2026-01-02T05:16:12.157629", "level": "WARNING", "logger": "ETLOrchestrator", "message": "   {'dim_estado_orden': 'Dimensión dim_estado_orden no implementada'}", "module": "main", "function": "_print_final_summary", "line": 460}
{"timestamp": "2026-01-02T05:16:12.158359", "level": "WARNING", "logger": "ETLOrchestrator", "message": "   {'dim_estado_pago': 'Dimensión dim_estado_pago no implementada'}", "module": "main", "function": "_print_final_summary", "line": 460}
{"timestamp": "2026-01-02T05:16:12.159142", "level": "WARNING", "logger": "ETLOrchestrator", "message": "   {'dim_almacen': 'Dimensión dim_almacen no implementada'}", "module": "main", "function": "_print_final_summary", "line": 460}
{"timestamp": "2026-01-02T05:16:12.159490", "level": "WARNING", "logger": "ETLOrchestrator", "message": "   {'dim_proveedor': 'Dimensión dim_proveedor no implementada'}", "module": "main", "function": "_print_final_summary", "line": 460}
{"timestamp": "2026-01-02T05:16:12.159834", "level": "WARNING", "logger": "ETLOrchestrator", "message": "   {'dim_tipo_movimiento': 'Dimensión dim_tipo_movimiento no implementada'}", "module": "main", "function": "_print_final_summary", "line": 460}
{"timestamp": "2026-01-02T05:16:12.160585", "level": "WARNING", "logger": "ETLOrchestrator", "message": "   {'dim_categoria_producto': 'Dimensión dim_categoria_producto no implementada'}", "module": "main", "function": "_print_final_summary", "line": 460}
{"timestamp": "2026-01-02T05:16:12.161038", "level": "WARNING", "logger": "ETLOrchestrator", "message": "   {'dim_cuenta_contable': 'Dimensión dim_cuenta_contable no implementada'}", "module": "main", "function": "_print_final_summary", "line": 460}
{"timestamp": "2026-01-02T05:16:12.161473", "level": "WARNING", "logger": "ETLOrchestrator", "message": "   {'dim_centro_costo': 'Dimensión dim_centro_costo no implementada'}", "module": "main", "function": "_print_final_summary", "line": 460}
{"timestamp": "2026-01-02T05:16:12.161838", "level": "WARNING", "logger": "ETLOrchestrator", "message": "   {'dim_tipo_transaccion': 'Dimensión dim_tipo_transaccion no implementada'}", "module": "main", "function": "_print_final_summary", "line": 460}
{"timestamp": "2026-01-02T05:16:12.162259", "level": "WARNING", "logger": "ETLOrchestrator", "message": "   {'dim_periodo_contable': 'Dimensión dim_periodo_contable no implementada'}", "module": "main", "function": "_print_final_summary", "line": 460}
{"timestamp": "2026-01-02T05:16:12.162628", "level": "WARNING", "logger": "ETLOrchestrator", "message": "   {'fact_balance': 'Fact table fact_balance no implementada'}", "module": "main", "function": "_print_final_summary", "line": 460}
{"timestamp": "2026-01-02T05:16:12.163382", "level": "WARNING", "logger": "ETLOrchestrator", "message": "   {'fact_estado_resultados': 'Fact table fact_estado_resultados no implementada'}", "module": "main", "function": "_print_final_summary", "line": 460}
{"timestamp": "2026-01-02T05:16:12.164151", "level": "WARNING", "logger": "ETLOrchestrator", "message": "   {'dim_fecha': 'relation \"dim_fecha\" does not exist\\n'}", "module": "main", "function": "_print_final_summary", "line": 460}
{"timestamp": "2026-01-02T05:16:12.164515", "level": "WARNING", "logger": "ETLOrchestrator", "message": "   {'dim_usuario': 'relation \"dim_usuario\" does not exist\\n'}", "module": "main", "function": "_print_final_summary", "line": 460}
{"timestamp": "2026-01-02T05:16:12.165259", "level": "WARNING", "logger": "ETLOrchestrator", "message": "   {'dim_detalle_venta': 'relation \"dim_detalle_venta\" does not exist\\n'}", "module": "main", "function": "_print_final_summary", "line": 460}
{"timestamp": "2026-01-02T05:16:12.165673", "level": "WARNING", "logger": "ETLOrchestrator", "message": "   {'fact_ventas': 'relation \"fact_ventas\" does not exist\\n'}", "module": "main", "function": "_print_final_summary", "line": 460}
{"timestamp": "2026-01-02T05:16:12.166024", "level": "WARNING", "logger": "ETLOrchestrator", "message": "   {'fact_inventario': 'relation \"fact_inventario\" does not exist\\n'}", "module": "main", "function": "_print_final_summary", "line": 460}
{"timestamp": "2026-01-02T05:16:12.166444", "level": "WARNING", "logger": "ETLOrchestrator", "message": "   {'fact_transacciones': 'relation \"fact_transacciones\" does not exist\\n'}", "module": "main", "function": "_print_final_summary", "line": 460}
{"timestamp": "2026-01-02T05:16:12.166855", "level": "INFO", "logger": "ETLOrchestrator", "message": "\n================================================================================", "module": "main", "function": "_print_final_summary", "line": 462}
